0 info it worked if it ends with ok
1 verbose cli [ '/Users/Howi/.nvm/versions/node/v7.4.0/bin/node',
1 verbose cli   '/Users/Howi/.nvm/versions/node/v7.4.0/bin/npm',
1 verbose cli   'run',
1 verbose cli   'build' ]
2 info using npm@4.0.5
3 info using node@v7.4.0
4 verbose stack Error: missing script: build
4 verbose stack     at run (/Users/Howi/.nvm/versions/node/v7.4.0/lib/node_modules/npm/lib/run-script.js:151:19)
4 verbose stack     at /Users/Howi/.nvm/versions/node/v7.4.0/lib/node_modules/npm/lib/run-script.js:61:5
4 verbose stack     at /Users/Howi/.nvm/versions/node/v7.4.0/lib/node_modules/npm/node_modules/read-package-json/read-json.js:356:5
4 verbose stack     at checkBinReferences_ (/Users/Howi/.nvm/versions/node/v7.4.0/lib/node_modules/npm/node_modules/read-package-json/read-json.js:320:45)
4 verbose stack     at final (/Users/Howi/.nvm/versions/node/v7.4.0/lib/node_modules/npm/node_modules/read-package-json/read-json.js:354:3)
4 verbose stack     at then (/Users/Howi/.nvm/versions/node/v7.4.0/lib/node_modules/npm/node_modules/read-package-json/read-json.js:124:5)
4 verbose stack     at ReadFileContext.<anonymous> (/Users/Howi/.nvm/versions/node/v7.4.0/lib/node_modules/npm/node_modules/read-package-json/read-json.js:295:20)
4 verbose stack     at ReadFileContext.callback (/Users/Howi/.nvm/versions/node/v7.4.0/lib/node_modules/npm/node_modules/graceful-fs/graceful-fs.js:78:16)
4 verbose stack     at FSReqWrap.readFileAfterOpen [as oncomplete] (fs.js:336:13)
5 verbose cwd /Applications/MAMP/htdocs/000-Projects/demoSiteFull
6 error Darwin 16.0.0
7 error argv "/Users/Howi/.nvm/versions/node/v7.4.0/bin/node" "/Users/Howi/.nvm/versions/node/v7.4.0/bin/npm" "run" "build"
8 error node v7.4.0
9 error npm  v4.0.5
10 error missing script: build
11 error If you need help, you may report this error at:
11 error     <https://github.com/npm/npm/issues>
12 verbose exit [ 1, true ]
